<?xml version="1.0" encoding="UTF-8"?>
<!-- Generated by org.testng.reporters.JUnitReportReporter -->
<testsuite hostname="Laptop-SY-02" failures="0" tests="3" name="TestCaases.getRequest" time="7.583" errors="0" timestamp="2022-10-11T03:05:11 IST" skipped="0">
  <testcase classname="TestCaases.getRequest" name="availablePets" time="4.853"/>
  <system-out/>
  <testcase classname="TestCaases.getRequest" name="pendingPets" time="1.472"/>
  <system-out/>
  <testcase classname="TestCaases.getRequest" name="soldPets" time="1.258"/>
  <system-out/>
</testsuite> <!-- TestCaases.getRequest -->
