<?xml version="1.0" encoding="UTF-8"?>
<!-- Generated by org.testng.reporters.JUnitReportReporter -->
<testsuite hostname="Laptop-SY-02" failures="0" tests="3" name="TestCases.findPetsByStatus" time="8.303" errors="0" timestamp="2022-10-11T18:49:07 IST" skipped="0">
  <testcase classname="TestCases.findPetsByStatus" name="availablePets" time="5.275"/>
  <system-out>
    <![CDATA[Available Pets
Base URI: https://petstore.swagger.io/#
Base Path: /v2/pet/findByStatus?status=available
Pet Name: null
Response body contains doggie
Status code: 200
Actual status Code matches with expected 
StatusLine: HTTP/1.1 200 OK
Actual status Line matches with expected 
Response body contains Pets with available status only ]]>
  </system-out>
  <testcase classname="TestCases.findPetsByStatus" name="pendingPets" time="1.529"/>
  <system-out>
    <![CDATA[Pending Pets
Base URI: https://petstore.swagger.io/#
Base Path: /v2/pet/findByStatus?status=pending
Pet Name: dog
Response body contains doggie
Status code: 200
Actual status Code matches with expected 
StatusLine: HTTP/1.1 200 OK
Actual status Line matches with expected 
Response body contains Pets with pending status only]]>
  </system-out>
  <testcase classname="TestCases.findPetsByStatus" name="soldPets" time="1.499"/>
  <system-out>
    <![CDATA[Sold Pets
Base URI: https://petstore.swagger.io/#
Base Path: /v2/pet/findByStatus?status=sold
Pet Name: string
Response body contains doggie
Status code: 200
Actual status Code matches with expected 
StatusLine: HTTP/1.1 200 OK
Actual status Line matches with expected 
Response body contains Pets with sold status only ]]>
  </system-out>
</testsuite> <!-- TestCases.findPetsByStatus -->
